Logfile initialized
[INFO] logfile = /home/addiel/Titanium Studio Workspace/hackday2/build.log
[DEBUG] /home/addiel/.titanium/mobilesdk/linux/2.0.1.GA2/android/builder.py simulator hackday2 /home/addiel/developer/android linux/android-sdk-linux_x86 /home/addiel/Titanium Studio Workspace/hackday2 com.FAM.hackday2 8 WVGA800 
[INFO] Building hackday2 for Android ... one moment
[INFO] Titanium SDK version: 2.0.1 (04/12/12 16:33 999c68a)
[DEBUG] Waiting for device to be ready ...
[TRACE] adb devices returned 1 devices/emulators
[DEBUG] Device connected... (waited 0 seconds)
[DEBUG] waited 0.005126 seconds on emulator to get ready
[DEBUG] com.FAM.hackday2 installed? True
[INFO] Fastdev server running, deploying in Fastdev mode
[INFO] Copying CommonJS modules...
[INFO] Copying project resources..
[INFO] Detected change in tiapp.xml, or assets deleted. Forcing full re-build...
[TRACE] COPYING CREATED FILE: /home/addiel/Titanium Studio Workspace/hackday2/Resources/KS_nav_views.png => /home/addiel/Titanium Studio Workspace/hackday2/build/android/bin/assets/Resources/KS_nav_views.png
[TRACE] COPYING CREATED FILE: /home/addiel/Titanium Studio Workspace/hackday2/Resources/images/splashNew.png => /home/addiel/Titanium Studio Workspace/hackday2/build/android/bin/assets/Resources/images/splashNew.png
[TRACE] COPYING CREATED FILE: /home/addiel/Titanium Studio Workspace/hackday2/Resources/images/splash2.png => /home/addiel/Titanium Studio Workspace/hackday2/build/android/bin/assets/Resources/images/splash2.png
[TRACE] COPYING CREATED FILE: /home/addiel/Titanium Studio Workspace/hackday2/Resources/images/geo.png => /home/addiel/Titanium Studio Workspace/hackday2/build/android/bin/assets/Resources/images/geo.png
[TRACE] COPYING CREATED FILE: /home/addiel/Titanium Studio Workspace/hackday2/Resources/images/imagen2.JPG => /home/addiel/Titanium Studio Workspace/hackday2/build/android/bin/assets/Resources/images/imagen2.JPG
[TRACE] COPYING CREATED FILE: /home/addiel/Titanium Studio Workspace/hackday2/Resources/images/banner.png => /home/addiel/Titanium Studio Workspace/hackday2/build/android/bin/assets/Resources/images/banner.png
[TRACE] COPYING CREATED FILE: /home/addiel/Titanium Studio Workspace/hackday2/Resources/images/foto.png => /home/addiel/Titanium Studio Workspace/hackday2/build/android/bin/assets/Resources/images/foto.png
[TRACE] COPYING CREATED FILE: /home/addiel/Titanium Studio Workspace/hackday2/Resources/images/repantallasdefeedbackmvil/geo.png => /home/addiel/Titanium Studio Workspace/hackday2/build/android/bin/assets/Resources/images/repantallasdefeedbackmvil/geo.png
[TRACE] COPYING CREATED FILE: /home/addiel/Titanium Studio Workspace/hackday2/Resources/images/repantallasdefeedbackmvil/correo.png => /home/addiel/Titanium Studio Workspace/hackday2/build/android/bin/assets/Resources/images/repantallasdefeedbackmvil/correo.png
[TRACE] COPYING CREATED FILE: /home/addiel/Titanium Studio Workspace/hackday2/Resources/images/repantallasdefeedbackmvil/noticias.png => /home/addiel/Titanium Studio Workspace/hackday2/build/android/bin/assets/Resources/images/repantallasdefeedbackmvil/noticias.png
[TRACE] COPYING CREATED FILE: /home/addiel/Titanium Studio Workspace/hackday2/Resources/images/repantallasdefeedbackmvil/url.png => /home/addiel/Titanium Studio Workspace/hackday2/build/android/bin/assets/Resources/images/repantallasdefeedbackmvil/url.png
[TRACE] COPYING CREATED FILE: /home/addiel/Titanium Studio Workspace/hackday2/Resources/images/repantallasdefeedbackmvil/info.png => /home/addiel/Titanium Studio Workspace/hackday2/build/android/bin/assets/Resources/images/repantallasdefeedbackmvil/info.png
[TRACE] COPYING CREATED FILE: /home/addiel/Titanium Studio Workspace/hackday2/Resources/images/repantallasdefeedbackmvil/multim.png => /home/addiel/Titanium Studio Workspace/hackday2/build/android/bin/assets/Resources/images/repantallasdefeedbackmvil/multim.png
[TRACE] COPYING CREATED FILE: /home/addiel/Titanium Studio Workspace/hackday2/Resources/images/correo.png => /home/addiel/Titanium Studio Workspace/hackday2/build/android/bin/assets/Resources/images/correo.png
[TRACE] COPYING CREATED FILE: /home/addiel/Titanium Studio Workspace/hackday2/Resources/images/back.png => /home/addiel/Titanium Studio Workspace/hackday2/build/android/bin/assets/Resources/images/back.png
[TRACE] COPYING CREATED FILE: /home/addiel/Titanium Studio Workspace/hackday2/Resources/images/video.png => /home/addiel/Titanium Studio Workspace/hackday2/build/android/bin/assets/Resources/images/video.png
[TRACE] COPYING CREATED FILE: /home/addiel/Titanium Studio Workspace/hackday2/Resources/images/noticias.png => /home/addiel/Titanium Studio Workspace/hackday2/build/android/bin/assets/Resources/images/noticias.png
[TRACE] COPYING CREATED FILE: /home/addiel/Titanium Studio Workspace/hackday2/Resources/images/escuela.jpg => /home/addiel/Titanium Studio Workspace/hackday2/build/android/bin/assets/Resources/images/escuela.jpg
[TRACE] COPYING CREATED FILE: /home/addiel/Titanium Studio Workspace/hackday2/Resources/images/url.png => /home/addiel/Titanium Studio Workspace/hackday2/build/android/bin/assets/Resources/images/url.png
[TRACE] COPYING CREATED FILE: /home/addiel/Titanium Studio Workspace/hackday2/Resources/images/splash.png => /home/addiel/Titanium Studio Workspace/hackday2/build/android/bin/assets/Resources/images/splash.png
[TRACE] COPYING CREATED FILE: /home/addiel/Titanium Studio Workspace/hackday2/Resources/images/escuelaSecundaria.jpg => /home/addiel/Titanium Studio Workspace/hackday2/build/android/bin/assets/Resources/images/escuelaSecundaria.jpg
[TRACE] COPYING CREATED FILE: /home/addiel/Titanium Studio Workspace/hackday2/Resources/images/info.png => /home/addiel/Titanium Studio Workspace/hackday2/build/android/bin/assets/Resources/images/info.png
[TRACE] COPYING CREATED FILE: /home/addiel/Titanium Studio Workspace/hackday2/Resources/images/imagen4.png => /home/addiel/Titanium Studio Workspace/hackday2/build/android/bin/assets/Resources/images/imagen4.png
[TRACE] COPYING CREATED FILE: /home/addiel/Titanium Studio Workspace/hackday2/Resources/images/multimediaS.png => /home/addiel/Titanium Studio Workspace/hackday2/build/android/bin/assets/Resources/images/multimediaS.png
[TRACE] COPYING CREATED FILE: /home/addiel/Titanium Studio Workspace/hackday2/Resources/images/en_construccion1.jpg => /home/addiel/Titanium Studio Workspace/hackday2/build/android/bin/assets/Resources/images/en_construccion1.jpg
[TRACE] COPYING CREATED FILE: /home/addiel/Titanium Studio Workspace/hackday2/Resources/images/multim.png => /home/addiel/Titanium Studio Workspace/hackday2/build/android/bin/assets/Resources/images/multim.png
[TRACE] COPYING CREATED FILE: /home/addiel/Titanium Studio Workspace/hackday2/Resources/images/imagen3.jpg => /home/addiel/Titanium Studio Workspace/hackday2/build/android/bin/assets/Resources/images/imagen3.jpg
[TRACE] COPYING CREATED FILE: /home/addiel/Titanium Studio Workspace/hackday2/Resources/images/fondo.png => /home/addiel/Titanium Studio Workspace/hackday2/build/android/bin/assets/Resources/images/fondo.png
[TRACE] COPYING CREATED FILE: /home/addiel/Titanium Studio Workspace/hackday2/Resources/images/documentos.png => /home/addiel/Titanium Studio Workspace/hackday2/build/android/bin/assets/Resources/images/documentos.png
[TRACE] COPYING CREATED FILE: /home/addiel/Titanium Studio Workspace/hackday2/Resources/images/splashColor.png => /home/addiel/Titanium Studio Workspace/hackday2/build/android/bin/assets/Resources/images/splashColor.png
[TRACE] COPYING CREATED FILE: /home/addiel/Titanium Studio Workspace/hackday2/Resources/images/imagen1.jpg => /home/addiel/Titanium Studio Workspace/hackday2/build/android/bin/assets/Resources/images/imagen1.jpg
[TRACE] COPYING CREATED FILE: /home/addiel/Titanium Studio Workspace/hackday2/Resources/app.js => /home/addiel/Titanium Studio Workspace/hackday2/build/android/bin/assets/Resources/app.js
[TRACE] COPYING CREATED FILE: /home/addiel/Titanium Studio Workspace/hackday2/Resources/android/appicon.png => /home/addiel/Titanium Studio Workspace/hackday2/build/android/bin/assets/Resources/appicon.png
[TRACE] COPYING CREATED FILE: /home/addiel/Titanium Studio Workspace/hackday2/Resources/android/default.png => /home/addiel/Titanium Studio Workspace/hackday2/build/android/bin/assets/Resources/default.png
[TRACE] COPYING CREATED FILE: /home/addiel/Titanium Studio Workspace/hackday2/Resources/KS_nav_ui.png => /home/addiel/Titanium Studio Workspace/hackday2/build/android/bin/assets/Resources/KS_nav_ui.png
[TRACE] COPYING CREATED FILE: /home/addiel/Titanium Studio Workspace/hackday2/Resources/ui/feedback.js => /home/addiel/Titanium Studio Workspace/hackday2/build/android/bin/assets/Resources/ui/feedback.js
[TRACE] COPYING CREATED FILE: /home/addiel/Titanium Studio Workspace/hackday2/Resources/ui/email.js => /home/addiel/Titanium Studio Workspace/hackday2/build/android/bin/assets/Resources/ui/email.js
[TRACE] COPYING CREATED FILE: /home/addiel/Titanium Studio Workspace/hackday2/Resources/ui/pagina.js => /home/addiel/Titanium Studio Workspace/hackday2/build/android/bin/assets/Resources/ui/pagina.js
[TRACE] COPYING CREATED FILE: /home/addiel/Titanium Studio Workspace/hackday2/Resources/ui/general.js => /home/addiel/Titanium Studio Workspace/hackday2/build/android/bin/assets/Resources/ui/general.js
[TRACE] COPYING CREATED FILE: /home/addiel/Titanium Studio Workspace/hackday2/Resources/ui/audio.js => /home/addiel/Titanium Studio Workspace/hackday2/build/android/bin/assets/Resources/ui/audio.js
[TRACE] COPYING CREATED FILE: /home/addiel/Titanium Studio Workspace/hackday2/Resources/ui/mapa.js => /home/addiel/Titanium Studio Workspace/hackday2/build/android/bin/assets/Resources/ui/mapa.js
[TRACE] COPYING CREATED FILE: /home/addiel/Titanium Studio Workspace/hackday2/Resources/ui/video.js => /home/addiel/Titanium Studio Workspace/hackday2/build/android/bin/assets/Resources/ui/video.js
[TRACE] COPYING CREATED FILE: /home/addiel/Titanium Studio Workspace/hackday2/Resources/ui/Relevante.js => /home/addiel/Titanium Studio Workspace/hackday2/build/android/bin/assets/Resources/ui/Relevante.js
[TRACE] COPYING CREATED FILE: /home/addiel/Titanium Studio Workspace/hackday2/Resources/ui/grid.js => /home/addiel/Titanium Studio Workspace/hackday2/build/android/bin/assets/Resources/ui/grid.js
[TRACE] COPYING CREATED FILE: /home/addiel/Titanium Studio Workspace/hackday2/Resources/ui/foto.js => /home/addiel/Titanium Studio Workspace/hackday2/build/android/bin/assets/Resources/ui/foto.js
[TRACE] COPYING CREATED FILE: /home/addiel/Titanium Studio Workspace/hackday2/Resources/ui/timeLine.js => /home/addiel/Titanium Studio Workspace/hackday2/build/android/bin/assets/Resources/ui/timeLine.js
[TRACE] COPYING CREATED FILE: /home/addiel/Titanium Studio Workspace/hackday2/Resources/ui/multimedia.js => /home/addiel/Titanium Studio Workspace/hackday2/build/android/bin/assets/Resources/ui/multimedia.js
[TRACE] COPYING CREATED FILE: /home/addiel/Titanium Studio Workspace/hackday2/Resources/ui/doc.js => /home/addiel/Titanium Studio Workspace/hackday2/build/android/bin/assets/Resources/ui/doc.js
[TRACE] Generating Java Classes
[DEBUG] Processing Android resource drawables
[DEBUG] app stylesheet => /home/addiel/Titanium Studio Workspace/hackday2/build/android/gen/com/FAM/hackday2/ApplicationStylesheet.java
[DEBUG] copying app icon: /home/addiel/Titanium Studio Workspace/hackday2/build/android/bin/assets/Resources/appicon.png
[DEBUG] generating theme.xml
[DEBUG] found drawable-notlong-land-hdpi splash screen at /home/addiel/Titanium Studio Workspace/hackday2/Resources/android/images/res-notlong-land-hdpi/default.png
[DEBUG] copying /home/addiel/Titanium Studio Workspace/hackday2/Resources/android/images/res-notlong-land-hdpi/default.png splash screen to /home/addiel/Titanium Studio Workspace/hackday2/build/android/res/drawable-notlong-land-hdpi/background.png
[DEBUG] found drawable-notlong-port-ldpi splash screen at /home/addiel/Titanium Studio Workspace/hackday2/Resources/android/images/res-notlong-port-ldpi/default.png
[DEBUG] copying /home/addiel/Titanium Studio Workspace/hackday2/Resources/android/images/res-notlong-port-ldpi/default.png splash screen to /home/addiel/Titanium Studio Workspace/hackday2/build/android/res/drawable-notlong-port-ldpi/background.png
[DEBUG] found drawable-long-port-ldpi splash screen at /home/addiel/Titanium Studio Workspace/hackday2/Resources/android/images/res-long-port-ldpi/default.png
[DEBUG] copying /home/addiel/Titanium Studio Workspace/hackday2/Resources/android/images/res-long-port-ldpi/default.png splash screen to /home/addiel/Titanium Studio Workspace/hackday2/build/android/res/drawable-long-port-ldpi/background.png
[DEBUG] found drawable-notlong-port-hdpi splash screen at /home/addiel/Titanium Studio Workspace/hackday2/Resources/android/images/res-notlong-port-hdpi/default.png
[DEBUG] copying /home/addiel/Titanium Studio Workspace/hackday2/Resources/android/images/res-notlong-port-hdpi/default.png splash screen to /home/addiel/Titanium Studio Workspace/hackday2/build/android/res/drawable-notlong-port-hdpi/background.png
[DEBUG] found drawable-long-port-hdpi splash screen at /home/addiel/Titanium Studio Workspace/hackday2/Resources/android/images/res-long-port-hdpi/default.png
[DEBUG] copying /home/addiel/Titanium Studio Workspace/hackday2/Resources/android/images/res-long-port-hdpi/default.png splash screen to /home/addiel/Titanium Studio Workspace/hackday2/build/android/res/drawable-long-port-hdpi/background.png
[DEBUG] found drawable-long-land-hdpi splash screen at /home/addiel/Titanium Studio Workspace/hackday2/Resources/android/images/res-long-land-hdpi/default.png
[DEBUG] copying /home/addiel/Titanium Studio Workspace/hackday2/Resources/android/images/res-long-land-hdpi/default.png splash screen to /home/addiel/Titanium Studio Workspace/hackday2/build/android/res/drawable-long-land-hdpi/background.png
[DEBUG] found drawable-long-land-ldpi splash screen at /home/addiel/Titanium Studio Workspace/hackday2/Resources/android/images/res-long-land-ldpi/default.png
[DEBUG] copying /home/addiel/Titanium Studio Workspace/hackday2/Resources/android/images/res-long-land-ldpi/default.png splash screen to /home/addiel/Titanium Studio Workspace/hackday2/build/android/res/drawable-long-land-ldpi/background.png
[DEBUG] found drawable-notlong-port-mdpi splash screen at /home/addiel/Titanium Studio Workspace/hackday2/Resources/android/images/res-notlong-port-mdpi/default.png
[DEBUG] copying /home/addiel/Titanium Studio Workspace/hackday2/Resources/android/images/res-notlong-port-mdpi/default.png splash screen to /home/addiel/Titanium Studio Workspace/hackday2/build/android/res/drawable-notlong-port-mdpi/background.png
[DEBUG] found drawable-notlong-land-ldpi splash screen at /home/addiel/Titanium Studio Workspace/hackday2/Resources/android/images/res-notlong-land-ldpi/default.png
[DEBUG] copying /home/addiel/Titanium Studio Workspace/hackday2/Resources/android/images/res-notlong-land-ldpi/default.png splash screen to /home/addiel/Titanium Studio Workspace/hackday2/build/android/res/drawable-notlong-land-ldpi/background.png
[DEBUG] found drawable-notlong-land-mdpi splash screen at /home/addiel/Titanium Studio Workspace/hackday2/Resources/android/images/res-notlong-land-mdpi/default.png
[DEBUG] copying /home/addiel/Titanium Studio Workspace/hackday2/Resources/android/images/res-notlong-land-mdpi/default.png splash screen to /home/addiel/Titanium Studio Workspace/hackday2/build/android/res/drawable-notlong-land-mdpi/background.png
[DEBUG] found splash screen at /home/addiel/Titanium Studio Workspace/hackday2/build/android/bin/assets/Resources/default.png
[TRACE] Writing out AndroidManifest.xml
[DEBUG] adding /home/addiel/Titanium Studio Workspace/hackday2/build/android/gen/com/FAM/hackday2/Hackday2Activity.java to javac build list
[DEBUG] adding /home/addiel/Titanium Studio Workspace/hackday2/build/android/gen/com/FAM/hackday2/Hackday2AppInfo.java to javac build list
[DEBUG] adding /home/addiel/Titanium Studio Workspace/hackday2/build/android/gen/com/FAM/hackday2/Hackday2Application.java to javac build list
[DEBUG] adding /home/addiel/Titanium Studio Workspace/hackday2/build/android/gen/com/FAM/hackday2/R.java to javac build list
[DEBUG] adding /home/addiel/Titanium Studio Workspace/hackday2/build/android/gen/com/FAM/hackday2/ApplicationStylesheet.java to javac build list
[DEBUG] Building Java Sources: "/home/addiel/Titanium Studio Workspace/hackday2/build/android/gen/com/FAM/hackday2/Hackday2Activity.java" "/home/addiel/Titanium Studio Workspace/hackday2/build/android/gen/com/FAM/hackday2/Hackday2AppInfo.java" "/home/addiel/Titanium Studio Workspace/hackday2/build/android/gen/com/FAM/hackday2/Hackday2Application.java" "/home/addiel/Titanium Studio Workspace/hackday2/build/android/gen/com/FAM/hackday2/R.java" "/home/addiel/Titanium Studio Workspace/hackday2/build/android/gen/com/FAM/hackday2/ApplicationStylesheet.java"
[INFO] Waiting for SDCard to become available..
[INFO] Compiling Android Resources... This could take some time
[DEBUG] Android classes.dex built
[DEBUG] creating unsigned apk: /home/addiel/Titanium Studio Workspace/hackday2/build/android/bin/app-unsigned.apk
[DEBUG] from resource zip => assets/Resources/images/repantallasdefeedbackmvil/correo.png
[DEBUG] from resource zip => assets/Resources/images/repantallasdefeedbackmvil/geo.png
[DEBUG] from resource zip => assets/Resources/images/repantallasdefeedbackmvil/info.png
[DEBUG] from resource zip => assets/Resources/images/repantallasdefeedbackmvil/multim.png
[DEBUG] from resource zip => assets/Resources/images/repantallasdefeedbackmvil/noticias.png
[DEBUG] from resource zip => assets/Resources/images/repantallasdefeedbackmvil/url.png
[DEBUG] from resource zip => assets/Resources/images/back.png
[DEBUG] from resource zip => assets/Resources/images/banner.png
[DEBUG] from resource zip => assets/Resources/images/correo.png
[DEBUG] from resource zip => assets/Resources/images/documentos.png
[DEBUG] from resource zip => assets/Resources/images/en_construccion1.jpg
[DEBUG] from resource zip => assets/Resources/images/escuela.jpg
[DEBUG] from resource zip => assets/Resources/images/escuelaSecundaria.jpg
[DEBUG] from resource zip => assets/Resources/images/fondo.png
[DEBUG] from resource zip => assets/Resources/images/foto.png
[DEBUG] from resource zip => assets/Resources/images/geo.png
[DEBUG] from resource zip => assets/Resources/images/imagen1.jpg
[DEBUG] from resource zip => assets/Resources/images/imagen2.JPG
[DEBUG] from resource zip => assets/Resources/images/imagen3.jpg
[DEBUG] from resource zip => assets/Resources/images/imagen4.png
[DEBUG] from resource zip => assets/Resources/images/info.png
[DEBUG] from resource zip => assets/Resources/images/multim.png
[DEBUG] from resource zip => assets/Resources/images/multimediaS.png
[DEBUG] from resource zip => assets/Resources/images/noticias.png
[DEBUG] from resource zip => assets/Resources/images/splash.png
[DEBUG] from resource zip => assets/Resources/images/splash2.png
[DEBUG] from resource zip => assets/Resources/images/splashColor.png
[DEBUG] from resource zip => assets/Resources/images/splashNew.png
[DEBUG] from resource zip => assets/Resources/images/url.png
[DEBUG] from resource zip => assets/Resources/images/video.png
[DEBUG] from resource zip => assets/Resources/ui/Relevante.js
[DEBUG] from resource zip => assets/Resources/ui/audio.js
[DEBUG] from resource zip => assets/Resources/ui/doc.js
[DEBUG] from resource zip => assets/Resources/ui/email.js
[DEBUG] from resource zip => assets/Resources/ui/feedback.js
[DEBUG] from resource zip => assets/Resources/ui/foto.js
[DEBUG] from resource zip => assets/Resources/ui/general.js
[DEBUG] from resource zip => assets/Resources/ui/grid.js
[DEBUG] from resource zip => assets/Resources/ui/mapa.js
[DEBUG] from resource zip => assets/Resources/ui/multimedia.js
[DEBUG] from resource zip => assets/Resources/ui/pagina.js
[DEBUG] from resource zip => assets/Resources/ui/timeLine.js
[DEBUG] from resource zip => assets/Resources/ui/video.js
[DEBUG] from resource zip => assets/Resources/KS_nav_ui.png
[DEBUG] from resource zip => assets/Resources/KS_nav_views.png
[DEBUG] from resource zip => assets/Resources/app.js
[DEBUG] from resource zip => assets/Resources/appicon.png
[DEBUG] from resource zip => assets/Resources/default.png
[DEBUG] from resource zip => assets/app.json
[DEBUG] from resource zip => assets/index.json
[DEBUG] from resource zip => assets/tiapp.xml
[DEBUG] from resource zip => res/drawable/appicon.png
[DEBUG] from resource zip => res/drawable/background.png
[DEBUG] from resource zip => res/drawable/close.png
[DEBUG] from resource zip => res/drawable/facebook_login.png
[DEBUG] from resource zip => res/drawable/facebook_login_down.png
[DEBUG] from resource zip => res/drawable/facebook_login_wide.png
[DEBUG] from resource zip => res/drawable/facebook_login_wide_down.png
[DEBUG] from resource zip => res/drawable/facebook_logout.png
[DEBUG] from resource zip => res/drawable/facebook_logout_down.png
[DEBUG] from resource zip => res/layout/titanium_tabgroup.xml
[DEBUG] from resource zip => AndroidManifest.xml
[DEBUG] from resource zip => resources.arsc
[DEBUG] from resource zip => res/drawable-hdpi/close.png
[DEBUG] from resource zip => res/drawable-ldpi/close.png
[DEBUG] from resource zip => res/drawable-long-land-hdpi/background.png
[DEBUG] from resource zip => res/drawable-long-land-ldpi/background.png
[DEBUG] from resource zip => res/drawable-long-port-hdpi/background.png
[DEBUG] from resource zip => res/drawable-long-port-ldpi/background.png
[DEBUG] from resource zip => res/drawable-notlong-land-hdpi/background.png
[DEBUG] from resource zip => res/drawable-notlong-land-ldpi/background.png
[DEBUG] from resource zip => res/drawable-notlong-land-mdpi/background.png
[DEBUG] from resource zip => res/drawable-notlong-port-hdpi/background.png
[DEBUG] from resource zip => res/drawable-notlong-port-ldpi/background.png
[DEBUG] from resource zip => res/drawable-notlong-port-mdpi/background.png
[DEBUG] from JAR /home/addiel/.titanium/mobilesdk/linux/2.0.1.GA2/android/thirdparty.jar => org/apache/Commons-NOTICE.txt
[DEBUG] from JAR /home/addiel/.titanium/mobilesdk/linux/2.0.1.GA2/android/thirdparty.jar => org/apache/HttpComponents-NOTICE.txt
[DEBUG] from JAR /home/addiel/.titanium/mobilesdk/linux/2.0.1.GA2/android/thirdparty.jar => org/apache/mime4j-NOTICE.txt
[DEBUG] from JAR /home/addiel/.titanium/mobilesdk/linux/2.0.1.GA2/android/modules/titanium-ui.jar => ti/modules/titanium/ui/widget/webview/binding.js
[DEBUG] from JAR /home/addiel/.titanium/mobilesdk/linux/2.0.1.GA2/android/modules/titanium-ui.jar => ti/modules/titanium/ui/widget/webview/binding.min.js
[DEBUG] from JAR /home/addiel/.titanium/mobilesdk/linux/2.0.1.GA2/android/modules/titanium-ui.jar => ti/modules/titanium/ui/widget/webview/json2.js
[DEBUG] from JAR /home/addiel/.titanium/mobilesdk/linux/2.0.1.GA2/android/titanium.jar => org/appcelerator/titanium/build.properties
[DEBUG] from JAR /home/addiel/.titanium/mobilesdk/linux/2.0.1.GA2/android/titanium.jar => org/appcelerator/titanium/res/drawable/background.png
[DEBUG] from JAR /home/addiel/.titanium/mobilesdk/linux/2.0.1.GA2/android/titanium.jar => org/appcelerator/titanium/res/drawable/btn_check_buttonless_on.png
[DEBUG] from JAR /home/addiel/.titanium/mobilesdk/linux/2.0.1.GA2/android/titanium.jar => org/appcelerator/titanium/res/drawable/btn_check_buttonless_on_18.png
[DEBUG] from JAR /home/addiel/.titanium/mobilesdk/linux/2.0.1.GA2/android/titanium.jar => org/appcelerator/titanium/res/drawable/btn_check_buttonless_on_48.png
[DEBUG] from JAR /home/addiel/.titanium/mobilesdk/linux/2.0.1.GA2/android/titanium.jar => org/appcelerator/titanium/res/drawable/btn_more.png
[DEBUG] from JAR /home/addiel/.titanium/mobilesdk/linux/2.0.1.GA2/android/titanium.jar => org/appcelerator/titanium/res/drawable/btn_more_18.png
[DEBUG] from JAR /home/addiel/.titanium/mobilesdk/linux/2.0.1.GA2/android/titanium.jar => org/appcelerator/titanium/res/drawable/btn_more_48.png
[DEBUG] from JAR /home/addiel/.titanium/mobilesdk/linux/2.0.1.GA2/android/titanium.jar => org/appcelerator/titanium/res/drawable/btn_picker_normal.9.png
[DEBUG] from JAR /home/addiel/.titanium/mobilesdk/linux/2.0.1.GA2/android/titanium.jar => org/appcelerator/titanium/res/drawable/btn_picker_pressed.9.png
[DEBUG] from JAR /home/addiel/.titanium/mobilesdk/linux/2.0.1.GA2/android/titanium.jar => org/appcelerator/titanium/res/drawable/btn_picker_selected.9.png
[DEBUG] from JAR /home/addiel/.titanium/mobilesdk/linux/2.0.1.GA2/android/titanium.jar => org/appcelerator/titanium/res/drawable/default_icon.png
[DEBUG] from JAR /home/addiel/.titanium/mobilesdk/linux/2.0.1.GA2/android/titanium.jar => org/appcelerator/titanium/res/drawable/photoDefault.png
[DEBUG] from JAR /home/addiel/.titanium/mobilesdk/linux/2.0.1.GA2/android/modules/titanium-facebook.jar => ti/modules/titanium/facebook/LICENSE
[DEBUG] installing native SDK libs
[DEBUG] Waiting for device to be ready ...
[TRACE] adb devices returned 1 devices/emulators
[DEBUG] Device connected... (waited 0 seconds)
[DEBUG] waited 0.004878 seconds on emulator to get ready
[INFO] Installing application on emulator
[INFO] Launching application ... hackday2
[TRACE] Launch output: Starting: Intent { act=android.intent.action.MAIN cat=[android.intent.category.LAUNCHER] cmp=com.FAM.hackday2/.Hackday2Activity }

[INFO] Deployed hackday2 ... Application should be running.
